<?xml version="1.0" encoding="UTF-8" ?>
<testsuite failures="0" time="0.117" errors="4" skipped="0" tests="4" name="com.redhat.rhforum.test.MemberDaoTest">
  <properties>
    <property name="java.runtime.name" value="Java(TM) SE Runtime Environment"/>
    <property name="sun.boot.library.path" value="/opt/jdk1.7.0_79/jre/lib/amd64"/>
    <property name="java.vm.version" value="24.79-b02"/>
    <property name="java.vm.vendor" value="Oracle Corporation"/>
    <property name="java.vendor.url" value="http://java.oracle.com/"/>
    <property name="path.separator" value=":"/>
    <property name="guice.disable.misplaced.annotation.check" value="true"/>
    <property name="java.vm.name" value="Java HotSpot(TM) 64-Bit Server VM"/>
    <property name="file.encoding.pkg" value="sun.io"/>
    <property name="user.country" value="MX"/>
    <property name="sun.java.launcher" value="SUN_STANDARD"/>
    <property name="sun.os.patch.level" value="unknown"/>
    <property name="java.vm.specification.name" value="Java Virtual Machine Specification"/>
    <property name="user.dir" value="/home/jcano/workspace/demo/rhforum/RHForum"/>
    <property name="java.runtime.version" value="1.7.0_79-b15"/>
    <property name="java.awt.graphicsenv" value="sun.awt.X11GraphicsEnvironment"/>
    <property name="java.endorsed.dirs" value="/opt/jdk1.7.0_79/jre/lib/endorsed"/>
    <property name="os.arch" value="amd64"/>
    <property name="java.io.tmpdir" value="/tmp"/>
    <property name="line.separator" value="
"/>
    <property name="java.vm.specification.vendor" value="Oracle Corporation"/>
    <property name="os.name" value="Linux"/>
    <property name="classworlds.conf" value="/home/jcano/workspace/demo/rhforum/.metadata/.plugins/org.eclipse.m2e.launching/launches/m2conf5030559056918583216.tmp"/>
    <property name="sun.jnu.encoding" value="UTF-8"/>
    <property name="java.library.path" value="/usr/java/packages/lib/amd64:/usr/lib64:/lib64:/lib:/usr/lib"/>
    <property name="java.specification.name" value="Java Platform API Specification"/>
    <property name="java.class.version" value="51.0"/>
    <property name="sun.management.compiler" value="HotSpot 64-Bit Tiered Compilers"/>
    <property name="os.version" value="3.10.0-229.14.1.el7.x86_64"/>
    <property name="user.home" value="/home/jcano"/>
    <property name="user.timezone" value="America/Mexico_City"/>
    <property name="java.awt.printerjob" value="sun.print.PSPrinterJob"/>
    <property name="file.encoding" value="UTF-8"/>
    <property name="java.specification.version" value="1.7"/>
    <property name="user.name" value="jcano"/>
    <property name="java.class.path" value="/opt/apps/jbdevstudio/studio/plugins/org.eclipse.m2e.maven.runtime_1.5.1.20150109-1819/jars/plexus-classworlds-2.5.1.jar"/>
    <property name="org.slf4j.simpleLogger.defaultLogLevel" value="info"/>
    <property name="java.vm.specification.version" value="1.7"/>
    <property name="sun.arch.data.model" value="64"/>
    <property name="java.home" value="/opt/jdk1.7.0_79/jre"/>
    <property name="sun.java.command" value="org.codehaus.plexus.classworlds.launcher.Launcher -B install"/>
    <property name="java.specification.vendor" value="Oracle Corporation"/>
    <property name="user.language" value="es"/>
    <property name="awt.toolkit" value="sun.awt.X11.XToolkit"/>
    <property name="java.vm.info" value="mixed mode"/>
    <property name="java.version" value="1.7.0_79"/>
    <property name="java.ext.dirs" value="/opt/jdk1.7.0_79/jre/lib/ext:/usr/java/packages/lib/ext"/>
    <property name="securerandom.source" value="file:/dev/./urandom"/>
    <property name="sun.boot.class.path" value="/opt/jdk1.7.0_79/jre/lib/resources.jar:/opt/jdk1.7.0_79/jre/lib/rt.jar:/opt/jdk1.7.0_79/jre/lib/sunrsasign.jar:/opt/jdk1.7.0_79/jre/lib/jsse.jar:/opt/jdk1.7.0_79/jre/lib/jce.jar:/opt/jdk1.7.0_79/jre/lib/charsets.jar:/opt/jdk1.7.0_79/jre/lib/jfr.jar:/opt/jdk1.7.0_79/jre/classes"/>
    <property name="java.vendor" value="Oracle Corporation"/>
    <property name="maven.home" value="/home/jcano/workspace/demo/rhforum/RHForum/EMBEDDED"/>
    <property name="file.separator" value="/"/>
    <property name="java.vendor.url.bug" value="http://bugreport.sun.com/bugreport/"/>
    <property name="sun.cpu.endian" value="little"/>
    <property name="sun.io.unicode.encoding" value="UnicodeLittle"/>
    <property name="sun.desktop" value="gnome"/>
    <property name="sun.cpu.isalist" value=""/>
  </properties>
  <testcase time="0.084" classname="com.redhat.rhforum.test.MemberDaoTest" name="testRegister">
    <error message="Unknown entity: com.redhat.rhforum.model.Winner" type="java.lang.IllegalArgumentException">java.lang.IllegalArgumentException: Unknown entity: com.redhat.rhforum.model.Winner
	at org.hibernate.ejb.AbstractEntityManagerImpl.persist(AbstractEntityManagerImpl.java:878)
	at sun.reflect.NativeMethodAccessorImpl.invoke0(Native Method)
	at sun.reflect.NativeMethodAccessorImpl.invoke(NativeMethodAccessorImpl.java:57)
	at sun.reflect.DelegatingMethodAccessorImpl.invoke(DelegatingMethodAccessorImpl.java:43)
	at java.lang.reflect.Method.invoke(Method.java:606)
	at org.springframework.orm.jpa.SharedEntityManagerCreator$SharedEntityManagerInvocationHandler.invoke(SharedEntityManagerCreator.java:291)
	at com.sun.proxy.$Proxy30.persist(Unknown Source)
	at com.redhat.rhforum.data.WinnerDaoImpl.register(WinnerDaoImpl.java:74)
	at sun.reflect.NativeMethodAccessorImpl.invoke0(Native Method)
	at sun.reflect.NativeMethodAccessorImpl.invoke(NativeMethodAccessorImpl.java:57)
	at sun.reflect.DelegatingMethodAccessorImpl.invoke(DelegatingMethodAccessorImpl.java:43)
	at java.lang.reflect.Method.invoke(Method.java:606)
	at org.springframework.aop.support.AopUtils.invokeJoinpointUsingReflection(AopUtils.java:317)
	at org.springframework.aop.framework.ReflectiveMethodInvocation.invokeJoinpoint(ReflectiveMethodInvocation.java:190)
	at org.springframework.aop.framework.ReflectiveMethodInvocation.proceed(ReflectiveMethodInvocation.java:157)
	at org.springframework.transaction.interceptor.TransactionInterceptor$1.proceedWithInvocation(TransactionInterceptor.java:99)
	at org.springframework.transaction.interceptor.TransactionAspectSupport.invokeWithinTransaction(TransactionAspectSupport.java:281)
	at org.springframework.transaction.interceptor.TransactionInterceptor.invoke(TransactionInterceptor.java:96)
	at org.springframework.aop.framework.ReflectiveMethodInvocation.proceed(ReflectiveMethodInvocation.java:179)
	at org.springframework.aop.framework.JdkDynamicAopProxy.invoke(JdkDynamicAopProxy.java:207)
	at com.sun.proxy.$Proxy32.register(Unknown Source)
	at com.redhat.rhforum.test.MemberDaoTest.testRegister(MemberDaoTest.java:66)
</error>
    <system-out>Hibernate: drop table MemberBasic if exists
Hibernate: create table MemberBasic (id bigint generated by default as identity, email varchar(255) not null, name varchar(25) not null, phone_number varchar(12) not null, primary key (id))
Hibernate: alter table MemberBasic add constraint UK_ix94ex1325a9dg221mvbx3t2o unique (email)
</system-out>
    <system-err>oct 13, 2015 8:18:32 AM org.springframework.test.context.support.AbstractTestContextBootstrapper getDefaultTestExecutionListenerClassNames
INFORMACIÓN: Loaded default TestExecutionListener class names from location [META-INF/spring.factories]: [org.springframework.test.context.web.ServletTestExecutionListener, org.springframework.test.context.support.DependencyInjectionTestExecutionListener, org.springframework.test.context.support.DirtiesContextTestExecutionListener, org.springframework.test.context.transaction.TransactionalTestExecutionListener, org.springframework.test.context.jdbc.SqlScriptsTestExecutionListener]
oct 13, 2015 8:18:32 AM org.springframework.test.context.support.AbstractTestContextBootstrapper getTestExecutionListeners
INFORMACIÓN: Using TestExecutionListeners: [org.springframework.test.context.web.ServletTestExecutionListener@22023fcb, org.springframework.test.context.support.DependencyInjectionTestExecutionListener@41aa39de, org.springframework.test.context.support.DirtiesContextTestExecutionListener@ebd3f80, org.springframework.test.context.transaction.TransactionalTestExecutionListener@2a93f40f, org.springframework.test.context.jdbc.SqlScriptsTestExecutionListener@577c1a9f]
oct 13, 2015 8:18:32 AM org.springframework.beans.factory.xml.XmlBeanDefinitionReader loadBeanDefinitions
INFORMACIÓN: Loading XML bean definitions from class path resource [test-context.xml]
oct 13, 2015 8:18:32 AM org.springframework.beans.factory.xml.XmlBeanDefinitionReader loadBeanDefinitions
INFORMACIÓN: Loading XML bean definitions from class path resource [META-INF/spring/applicationContext.xml]
oct 13, 2015 8:18:32 AM org.springframework.context.support.AbstractApplicationContext prepareRefresh
INFORMACIÓN: Refreshing org.springframework.context.support.GenericApplicationContext@5bee9e20: startup date [Tue Oct 13 08:18:32 CDT 2015]; root of context hierarchy
oct 13, 2015 8:18:33 AM org.springframework.jdbc.datasource.embedded.EmbeddedDatabaseFactory initDatabase
INFORMACIÓN: Creating embedded database &apos;dataSource&apos;
oct 13, 2015 8:18:33 AM org.springframework.orm.jpa.LocalContainerEntityManagerFactoryBean createNativeEntityManagerFactory
INFORMACIÓN: Building JPA container EntityManagerFactory for persistence unit &apos;testPU&apos;
oct 13, 2015 8:18:33 AM org.hibernate.annotations.common.Version &lt;clinit&gt;
INFO: HCANN000001: Hibernate Commons Annotations {4.0.1.Final-redhat-2}
oct 13, 2015 8:18:33 AM org.hibernate.Version logVersion
INFO: HHH000412: Hibernate Core {4.2.14.SP4-redhat-1}
oct 13, 2015 8:18:33 AM org.hibernate.cfg.Environment &lt;clinit&gt;
INFO: HHH000206: hibernate.properties not found
oct 13, 2015 8:18:33 AM org.hibernate.cfg.Environment buildBytecodeProvider
INFO: HHH000021: Bytecode provider name : javassist
oct 13, 2015 8:18:33 AM org.hibernate.ejb.Ejb3Configuration configure
INFO: HHH000204: Processing PersistenceUnitInfo [
	name: testPU
	...]
oct 13, 2015 8:18:33 AM org.hibernate.service.jdbc.connections.internal.ConnectionProviderInitiator instantiateExplicitConnectionProvider
INFO: HHH000130: Instantiating explicit connection provider: org.hibernate.ejb.connection.InjectedDataSourceConnectionProvider
oct 13, 2015 8:18:33 AM org.hibernate.dialect.Dialect &lt;init&gt;
INFO: HHH000400: Using dialect: org.hibernate.dialect.H2Dialect
oct 13, 2015 8:18:33 AM org.hibernate.engine.jdbc.internal.LobCreatorBuilder useContextualLobCreation
INFO: HHH000423: Disabling contextual LOB creation as JDBC driver reported JDBC version [3] less than 4
oct 13, 2015 8:18:34 AM org.hibernate.engine.transaction.internal.TransactionFactoryInitiator initiateService
INFO: HHH000268: Transaction strategy: org.hibernate.engine.transaction.internal.jdbc.JdbcTransactionFactory
oct 13, 2015 8:18:34 AM org.hibernate.hql.internal.ast.ASTQueryTranslatorFactory &lt;init&gt;
INFO: HHH000397: Using ASTQueryTranslatorFactory
oct 13, 2015 8:18:34 AM org.hibernate.validator.internal.util.Version &lt;clinit&gt;
INFO: HV000001: Hibernate Validator 4.3.2.Final-redhat-1
oct 13, 2015 8:18:34 AM org.hibernate.tool.hbm2ddl.SchemaExport execute
INFO: HHH000227: Running hbm2ddl schema export
oct 13, 2015 8:18:34 AM org.hibernate.tool.hbm2ddl.SchemaExport execute
INFO: HHH000230: Schema export complete
oct 13, 2015 8:18:34 AM org.springframework.test.context.transaction.TransactionContext startTransaction
INFORMACIÓN: Began transaction (1) for test context [DefaultTestContext@6dfff19a testClass = MemberDaoTest, testInstance = com.redhat.rhforum.test.MemberDaoTest@3e4eede1, testMethod = testRegister@MemberDaoTest, testException = [null], mergedContextConfiguration = [MergedContextConfiguration@2fe36ebc testClass = MemberDaoTest, locations = &apos;{classpath:test-context.xml, classpath:/META-INF/spring/applicationContext.xml}&apos;, classes = &apos;{}&apos;, contextInitializerClasses = &apos;[]&apos;, activeProfiles = &apos;{}&apos;, propertySourceLocations = &apos;{}&apos;, propertySourceProperties = &apos;{}&apos;, contextLoader = &apos;org.springframework.test.context.support.DelegatingSmartContextLoader&apos;, parent = [null]]]; transaction manager [org.springframework.orm.jpa.JpaTransactionManager@7c7b1133]; rollback [true]
oct 13, 2015 8:18:34 AM org.springframework.test.context.transaction.TransactionContext endTransaction
INFORMACIÓN: Rolled back transaction for test context [DefaultTestContext@6dfff19a testClass = MemberDaoTest, testInstance = com.redhat.rhforum.test.MemberDaoTest@3e4eede1, testMethod = testRegister@MemberDaoTest, testException = java.lang.IllegalArgumentException: Unknown entity: com.redhat.rhforum.model.Winner, mergedContextConfiguration = [MergedContextConfiguration@2fe36ebc testClass = MemberDaoTest, locations = &apos;{classpath:test-context.xml, classpath:/META-INF/spring/applicationContext.xml}&apos;, classes = &apos;{}&apos;, contextInitializerClasses = &apos;[]&apos;, activeProfiles = &apos;{}&apos;, propertySourceLocations = &apos;{}&apos;, propertySourceProperties = &apos;{}&apos;, contextLoader = &apos;org.springframework.test.context.support.DelegatingSmartContextLoader&apos;, parent = [null]]].
</system-err>
  </testcase>
  <testcase time="0.011" classname="com.redhat.rhforum.test.MemberDaoTest" name="testFindById">
    <error message="Unknown entity: com.redhat.rhforum.model.Winner" type="java.lang.IllegalArgumentException">java.lang.IllegalArgumentException: Unknown entity: com.redhat.rhforum.model.Winner
	at org.hibernate.internal.SessionFactoryImpl.getEntityPersister(SessionFactoryImpl.java:1146)
	at org.hibernate.internal.SessionImpl.locateEntityPersister(SessionImpl.java:2427)
	at org.hibernate.internal.SessionImpl.access$1900(SessionImpl.java:173)
	at org.hibernate.internal.SessionImpl$IdentifierLoadAccessImpl.&lt;init&gt;(SessionImpl.java:2366)
	at org.hibernate.internal.SessionImpl$IdentifierLoadAccessImpl.&lt;init&gt;(SessionImpl.java:2370)
	at org.hibernate.internal.SessionImpl$IdentifierLoadAccessImpl.&lt;init&gt;(SessionImpl.java:2357)
	at org.hibernate.internal.SessionImpl.byId(SessionImpl.java:990)
	at org.hibernate.internal.SessionImpl.get(SessionImpl.java:913)
	at org.hibernate.ejb.AbstractEntityManagerImpl.find(AbstractEntityManagerImpl.java:807)
	at org.hibernate.ejb.AbstractEntityManagerImpl.find(AbstractEntityManagerImpl.java:781)
	at sun.reflect.NativeMethodAccessorImpl.invoke0(Native Method)
	at sun.reflect.NativeMethodAccessorImpl.invoke(NativeMethodAccessorImpl.java:57)
	at sun.reflect.DelegatingMethodAccessorImpl.invoke(DelegatingMethodAccessorImpl.java:43)
	at java.lang.reflect.Method.invoke(Method.java:606)
	at org.springframework.orm.jpa.SharedEntityManagerCreator$SharedEntityManagerInvocationHandler.invoke(SharedEntityManagerCreator.java:291)
	at com.sun.proxy.$Proxy30.find(Unknown Source)
	at com.redhat.rhforum.data.WinnerDaoImpl.findById(WinnerDaoImpl.java:40)
	at sun.reflect.NativeMethodAccessorImpl.invoke0(Native Method)
	at sun.reflect.NativeMethodAccessorImpl.invoke(NativeMethodAccessorImpl.java:57)
	at sun.reflect.DelegatingMethodAccessorImpl.invoke(DelegatingMethodAccessorImpl.java:43)
	at java.lang.reflect.Method.invoke(Method.java:606)
	at org.springframework.aop.support.AopUtils.invokeJoinpointUsingReflection(AopUtils.java:317)
	at org.springframework.aop.framework.ReflectiveMethodInvocation.invokeJoinpoint(ReflectiveMethodInvocation.java:190)
	at org.springframework.aop.framework.ReflectiveMethodInvocation.proceed(ReflectiveMethodInvocation.java:157)
	at org.springframework.transaction.interceptor.TransactionInterceptor$1.proceedWithInvocation(TransactionInterceptor.java:99)
	at org.springframework.transaction.interceptor.TransactionAspectSupport.invokeWithinTransaction(TransactionAspectSupport.java:281)
	at org.springframework.transaction.interceptor.TransactionInterceptor.invoke(TransactionInterceptor.java:96)
	at org.springframework.aop.framework.ReflectiveMethodInvocation.proceed(ReflectiveMethodInvocation.java:179)
	at org.springframework.aop.framework.JdkDynamicAopProxy.invoke(JdkDynamicAopProxy.java:207)
	at com.sun.proxy.$Proxy32.findById(Unknown Source)
	at com.redhat.rhforum.test.MemberDaoTest.testFindById(MemberDaoTest.java:46)
</error>
    <system-err>oct 13, 2015 8:18:34 AM org.springframework.test.context.transaction.TransactionContext startTransaction
INFORMACIÓN: Began transaction (1) for test context [DefaultTestContext@6dfff19a testClass = MemberDaoTest, testInstance = com.redhat.rhforum.test.MemberDaoTest@48a9bc2b, testMethod = testFindById@MemberDaoTest, testException = [null], mergedContextConfiguration = [MergedContextConfiguration@2fe36ebc testClass = MemberDaoTest, locations = &apos;{classpath:test-context.xml, classpath:/META-INF/spring/applicationContext.xml}&apos;, classes = &apos;{}&apos;, contextInitializerClasses = &apos;[]&apos;, activeProfiles = &apos;{}&apos;, propertySourceLocations = &apos;{}&apos;, propertySourceProperties = &apos;{}&apos;, contextLoader = &apos;org.springframework.test.context.support.DelegatingSmartContextLoader&apos;, parent = [null]]]; transaction manager [org.springframework.orm.jpa.JpaTransactionManager@7c7b1133]; rollback [true]
oct 13, 2015 8:18:34 AM org.springframework.test.context.transaction.TransactionContext endTransaction
INFORMACIÓN: Rolled back transaction for test context [DefaultTestContext@6dfff19a testClass = MemberDaoTest, testInstance = com.redhat.rhforum.test.MemberDaoTest@48a9bc2b, testMethod = testFindById@MemberDaoTest, testException = java.lang.IllegalArgumentException: Unknown entity: com.redhat.rhforum.model.Winner, mergedContextConfiguration = [MergedContextConfiguration@2fe36ebc testClass = MemberDaoTest, locations = &apos;{classpath:test-context.xml, classpath:/META-INF/spring/applicationContext.xml}&apos;, classes = &apos;{}&apos;, contextInitializerClasses = &apos;[]&apos;, activeProfiles = &apos;{}&apos;, propertySourceLocations = &apos;{}&apos;, propertySourceProperties = &apos;{}&apos;, contextLoader = &apos;org.springframework.test.context.support.DelegatingSmartContextLoader&apos;, parent = [null]]].
</system-err>
  </testcase>
  <testcase time="0.021" classname="com.redhat.rhforum.test.MemberDaoTest" name="testFindByEmail">
    <error message="Not an entity: class com.redhat.rhforum.model.Winner" type="java.lang.IllegalArgumentException">java.lang.IllegalArgumentException: Not an entity: class com.redhat.rhforum.model.Winner
	at org.hibernate.ejb.metamodel.MetamodelImpl.entity(MetamodelImpl.java:184)
	at org.hibernate.ejb.criteria.QueryStructure.from(QueryStructure.java:138)
	at org.hibernate.ejb.criteria.CriteriaQueryImpl.from(CriteriaQueryImpl.java:179)
	at com.redhat.rhforum.data.WinnerDaoImpl.findByName(WinnerDaoImpl.java:46)
	at sun.reflect.NativeMethodAccessorImpl.invoke0(Native Method)
	at sun.reflect.NativeMethodAccessorImpl.invoke(NativeMethodAccessorImpl.java:57)
	at sun.reflect.DelegatingMethodAccessorImpl.invoke(DelegatingMethodAccessorImpl.java:43)
	at java.lang.reflect.Method.invoke(Method.java:606)
	at org.springframework.aop.support.AopUtils.invokeJoinpointUsingReflection(AopUtils.java:317)
	at org.springframework.aop.framework.ReflectiveMethodInvocation.invokeJoinpoint(ReflectiveMethodInvocation.java:190)
	at org.springframework.aop.framework.ReflectiveMethodInvocation.proceed(ReflectiveMethodInvocation.java:157)
	at org.springframework.transaction.interceptor.TransactionInterceptor$1.proceedWithInvocation(TransactionInterceptor.java:99)
	at org.springframework.transaction.interceptor.TransactionAspectSupport.invokeWithinTransaction(TransactionAspectSupport.java:281)
	at org.springframework.transaction.interceptor.TransactionInterceptor.invoke(TransactionInterceptor.java:96)
	at org.springframework.aop.framework.ReflectiveMethodInvocation.proceed(ReflectiveMethodInvocation.java:179)
	at org.springframework.aop.framework.JdkDynamicAopProxy.invoke(JdkDynamicAopProxy.java:207)
	at com.sun.proxy.$Proxy32.findByName(Unknown Source)
	at com.redhat.rhforum.test.MemberDaoTest.testFindByEmail(MemberDaoTest.java:55)
</error>
    <system-err>oct 13, 2015 8:18:34 AM org.springframework.test.context.transaction.TransactionContext startTransaction
INFORMACIÓN: Began transaction (1) for test context [DefaultTestContext@6dfff19a testClass = MemberDaoTest, testInstance = com.redhat.rhforum.test.MemberDaoTest@490799fb, testMethod = testFindByEmail@MemberDaoTest, testException = [null], mergedContextConfiguration = [MergedContextConfiguration@2fe36ebc testClass = MemberDaoTest, locations = &apos;{classpath:test-context.xml, classpath:/META-INF/spring/applicationContext.xml}&apos;, classes = &apos;{}&apos;, contextInitializerClasses = &apos;[]&apos;, activeProfiles = &apos;{}&apos;, propertySourceLocations = &apos;{}&apos;, propertySourceProperties = &apos;{}&apos;, contextLoader = &apos;org.springframework.test.context.support.DelegatingSmartContextLoader&apos;, parent = [null]]]; transaction manager [org.springframework.orm.jpa.JpaTransactionManager@7c7b1133]; rollback [true]
oct 13, 2015 8:18:34 AM org.springframework.test.context.transaction.TransactionContext endTransaction
INFORMACIÓN: Rolled back transaction for test context [DefaultTestContext@6dfff19a testClass = MemberDaoTest, testInstance = com.redhat.rhforum.test.MemberDaoTest@490799fb, testMethod = testFindByEmail@MemberDaoTest, testException = java.lang.IllegalArgumentException: Not an entity: class com.redhat.rhforum.model.Winner, mergedContextConfiguration = [MergedContextConfiguration@2fe36ebc testClass = MemberDaoTest, locations = &apos;{classpath:test-context.xml, classpath:/META-INF/spring/applicationContext.xml}&apos;, classes = &apos;{}&apos;, contextInitializerClasses = &apos;[]&apos;, activeProfiles = &apos;{}&apos;, propertySourceLocations = &apos;{}&apos;, propertySourceProperties = &apos;{}&apos;, contextLoader = &apos;org.springframework.test.context.support.DelegatingSmartContextLoader&apos;, parent = [null]]].
</system-err>
  </testcase>
  <testcase time="0.001" classname="com.redhat.rhforum.test.MemberDaoTest" name="testFindAllOrderedByName">
    <error message="Unknown entity: com.redhat.rhforum.model.Winner" type="java.lang.IllegalArgumentException">java.lang.IllegalArgumentException: Unknown entity: com.redhat.rhforum.model.Winner
	at org.hibernate.ejb.AbstractEntityManagerImpl.persist(AbstractEntityManagerImpl.java:878)
	at sun.reflect.NativeMethodAccessorImpl.invoke0(Native Method)
	at sun.reflect.NativeMethodAccessorImpl.invoke(NativeMethodAccessorImpl.java:57)
	at sun.reflect.DelegatingMethodAccessorImpl.invoke(DelegatingMethodAccessorImpl.java:43)
	at java.lang.reflect.Method.invoke(Method.java:606)
	at org.springframework.orm.jpa.SharedEntityManagerCreator$SharedEntityManagerInvocationHandler.invoke(SharedEntityManagerCreator.java:291)
	at com.sun.proxy.$Proxy30.persist(Unknown Source)
	at com.redhat.rhforum.data.WinnerDaoImpl.register(WinnerDaoImpl.java:74)
	at sun.reflect.NativeMethodAccessorImpl.invoke0(Native Method)
	at sun.reflect.NativeMethodAccessorImpl.invoke(NativeMethodAccessorImpl.java:57)
	at sun.reflect.DelegatingMethodAccessorImpl.invoke(DelegatingMethodAccessorImpl.java:43)
	at java.lang.reflect.Method.invoke(Method.java:606)
	at org.springframework.aop.support.AopUtils.invokeJoinpointUsingReflection(AopUtils.java:317)
	at org.springframework.aop.framework.ReflectiveMethodInvocation.invokeJoinpoint(ReflectiveMethodInvocation.java:190)
	at org.springframework.aop.framework.ReflectiveMethodInvocation.proceed(ReflectiveMethodInvocation.java:157)
	at org.springframework.transaction.interceptor.TransactionInterceptor$1.proceedWithInvocation(TransactionInterceptor.java:99)
	at org.springframework.transaction.interceptor.TransactionAspectSupport.invokeWithinTransaction(TransactionAspectSupport.java:281)
	at org.springframework.transaction.interceptor.TransactionInterceptor.invoke(TransactionInterceptor.java:96)
	at org.springframework.aop.framework.ReflectiveMethodInvocation.proceed(ReflectiveMethodInvocation.java:179)
	at org.springframework.aop.framework.JdkDynamicAopProxy.invoke(JdkDynamicAopProxy.java:207)
	at com.sun.proxy.$Proxy32.register(Unknown Source)
	at com.redhat.rhforum.test.MemberDaoTest.testFindAllOrderedByName(MemberDaoTest.java:81)
</error>
    <system-err>oct 13, 2015 8:18:34 AM org.springframework.test.context.transaction.TransactionContext startTransaction
INFORMACIÓN: Began transaction (1) for test context [DefaultTestContext@6dfff19a testClass = MemberDaoTest, testInstance = com.redhat.rhforum.test.MemberDaoTest@317b06ff, testMethod = testFindAllOrderedByName@MemberDaoTest, testException = [null], mergedContextConfiguration = [MergedContextConfiguration@2fe36ebc testClass = MemberDaoTest, locations = &apos;{classpath:test-context.xml, classpath:/META-INF/spring/applicationContext.xml}&apos;, classes = &apos;{}&apos;, contextInitializerClasses = &apos;[]&apos;, activeProfiles = &apos;{}&apos;, propertySourceLocations = &apos;{}&apos;, propertySourceProperties = &apos;{}&apos;, contextLoader = &apos;org.springframework.test.context.support.DelegatingSmartContextLoader&apos;, parent = [null]]]; transaction manager [org.springframework.orm.jpa.JpaTransactionManager@7c7b1133]; rollback [true]
oct 13, 2015 8:18:34 AM org.springframework.test.context.transaction.TransactionContext endTransaction
INFORMACIÓN: Rolled back transaction for test context [DefaultTestContext@6dfff19a testClass = MemberDaoTest, testInstance = com.redhat.rhforum.test.MemberDaoTest@317b06ff, testMethod = testFindAllOrderedByName@MemberDaoTest, testException = java.lang.IllegalArgumentException: Unknown entity: com.redhat.rhforum.model.Winner, mergedContextConfiguration = [MergedContextConfiguration@2fe36ebc testClass = MemberDaoTest, locations = &apos;{classpath:test-context.xml, classpath:/META-INF/spring/applicationContext.xml}&apos;, classes = &apos;{}&apos;, contextInitializerClasses = &apos;[]&apos;, activeProfiles = &apos;{}&apos;, propertySourceLocations = &apos;{}&apos;, propertySourceProperties = &apos;{}&apos;, contextLoader = &apos;org.springframework.test.context.support.DelegatingSmartContextLoader&apos;, parent = [null]]].
</system-err>
  </testcase>
</testsuite>